<?xml version="1.0" encoding="UTF-8"?>
<!-- Generated by org.testng.reporters.JUnitXMLReporter -->
<testsuite ignored="0" hostname="DESKTOP-Q9V7GDP" failures="0" tests="3" name="Basic Test" time="0.066" errors="0" timestamp="2022-06-10T07:35:27 EDT">
  <testcase classname="learningTestNG.TestNgAnotation2" name="tets3" time="0.007"/>
  <testcase classname="learningTestNG.TestNGAnotation1" name="test1" time="0.001"/>
  <testcase classname="learningTestNG.TestNGAnotation1" name="test2" time="0.003"/>
</testsuite> <!-- Basic Test -->
