<?xml version="1.0" encoding="UTF-8"?>
<!-- Generated by org.testng.reporters.JUnitXMLReporter -->
<testsuite ignored="0" hostname="DESKTOP-Q9V7GDP" failures="0" tests="3" name="Default test" time="12.291" errors="0" timestamp="2022-06-10T19:03:38 EDT">
  <testcase classname="paralleltestWithTestNg.TestParallel" name="test" time="5.044"/>
  <testcase classname="paralleltestWithTestNg.TestParallel" name="test" time="3.673"/>
  <testcase classname="paralleltestWithTestNg.TestParallel" name="test" time="3.52"/>
</testsuite> <!-- Default test -->
