<?xml version="1.0" encoding="UTF-8"?>
<!-- Generated by org.testng.reporters.JUnitXMLReporter -->
<testsuite ignored="0" hostname="DESKTOP-Q9V7GDP" failures="1" tests="3" name="Test with Listeners" time="0.059" errors="0" timestamp="2022-06-10T08:44:57 EDT">
  <testcase classname="listeners.Login" name="loginViaEmail" time="0.013">
    <failure type="java.lang.AssertionError" message="expected [Sinan1] but found [Sinan]">
      <![CDATA[java.lang.AssertionError: expected [Sinan1] but found [Sinan]
at listeners.Login.loginViaEmail(Login.java:10)
at java.base/java.util.ArrayList.forEach(ArrayList.java:1541)
... Removed 33 stack frames]]>
    </failure>
  </testcase> <!-- loginViaEmail -->
  <testcase classname="listeners.Login" name="loginViaFaceBook" time="0.002"/>
  <testcase classname="listeners.Login" name="loginViaTwitter" time="0.001"/>
</testsuite> <!-- Test with Listeners -->
