<?xml version="1.0" encoding="UTF-8"?>
<!-- Generated by org.testng.reporters.JUnitXMLReporter -->
<testsuite ignored="0" hostname="DESKTOP-Q9V7GDP" failures="0" tests="4" name="Parallel Test 1" time="17.751" errors="0" timestamp="2022-06-10T14:27:34 EDT">
  <testcase classname="parallelExecution.TestWebSite" name="test_01" time="2.325"/>
  <testcase classname="parallelExecution.TestWebSite" name="test_02" time="1.842"/>
  <testcase classname="parallelExecution.TestWebSite" name="test_03" time="1.872"/>
  <testcase classname="parallelExecution.TestWebSite" name="test_04" time="1.817"/>
</testsuite> <!-- Parallel Test 1 -->
