<?xml version="1.0" encoding="UTF-8"?>
<!-- Generated by org.testng.reporters.JUnitXMLReporter -->
<testsuite ignored="0" hostname="DESKTOP-Q9V7GDP" failures="0" tests="3" name="Parallel Test with Parallel Parameter" time="6.991" errors="0" timestamp="2022-06-10T19:07:46 EDT">
  <testcase classname="paralleltestWithTestNg.TestParallel" name="test" time="6.592"/>
  <testcase classname="paralleltestWithTestNg.TestParallel" name="test" time="6.62"/>
  <testcase classname="paralleltestWithTestNg.TestParallel" name="test" time="6.946"/>
</testsuite> <!-- Parallel Test with Parallel Parameter -->
