<?xml version="1.0" encoding="UTF-8"?>
<!-- Generated by org.testng.reporters.JUnitXMLReporter -->
<testsuite ignored="0" hostname="DESKTOP-Q9V7GDP" failures="0" tests="5" name="Test" time="18.017" errors="0" timestamp="2022-06-10T14:22:32 EDT">
  <testcase classname="parallelExecution.TestHomePage" name="test_01" time="1.277"/>
  <testcase classname="parallelExecution.TestWebSite" name="test_01" time="2.159"/>
  <testcase classname="parallelExecution.TestWebSite" name="test_02" time="1.951"/>
  <testcase classname="parallelExecution.TestWebSite" name="test_03" time="1.96"/>
  <testcase classname="parallelExecution.TestWebSite" name="test_04" time="1.882"/>
</testsuite> <!-- Test -->
