<?xml version="1.0" encoding="UTF-8"?>
<testng-results ignored="0" total="3" passed="3" failed="0" skipped="0">
  <reporter-output>
  </reporter-output>
  <suite started-at="2022-06-10T19:07:39 EDT" name="Smoke Suite" finished-at="2022-06-10T19:07:46 EDT" duration-ms="6991">
    <groups>
    </groups>
    <test started-at="2022-06-10T19:07:39 EDT" name="Parallel Test with Parallel Parameter" finished-at="2022-06-10T19:07:46 EDT" duration-ms="6991">
      <class name="paralleltestWithTestNg.TestParallel">
        <test-method signature="test(java.lang.String)[pri:0, instance:paralleltestWithTestNg.TestParallel@4bb33f74]" started-at="2022-06-10T19:07:39 EDT" name="test" data-provider="getData" finished-at="2022-06-10T19:07:45 EDT" duration-ms="6592" status="PASS">
          <params>
            <param index="0">
              <value>
                <![CDATA[Test 1]]>
              </value>
            </param>
          </params>
          <reporter-output>
          </reporter-output>
        </test-method> <!-- test -->
        <test-method signature="test(java.lang.String)[pri:0, instance:paralleltestWithTestNg.TestParallel@4bb33f74]" started-at="2022-06-10T19:07:39 EDT" name="test" data-provider="getData" finished-at="2022-06-10T19:07:46 EDT" duration-ms="6946" status="PASS">
          <params>
            <param index="0">
              <value>
                <![CDATA[Test 2]]>
              </value>
            </param>
          </params>
          <reporter-output>
          </reporter-output>
        </test-method> <!-- test -->
        <test-method signature="test(java.lang.String)[pri:0, instance:paralleltestWithTestNg.TestParallel@4bb33f74]" started-at="2022-06-10T19:07:39 EDT" name="test" data-provider="getData" finished-at="2022-06-10T19:07:45 EDT" duration-ms="6620" status="PASS">
          <params>
            <param index="0">
              <value>
                <![CDATA[Test 3]]>
              </value>
            </param>
          </params>
          <reporter-output>
          </reporter-output>
        </test-method> <!-- test -->
      </class> <!-- paralleltestWithTestNg.TestParallel -->
    </test> <!-- Parallel Test with Parallel Parameter -->
  </suite> <!-- Smoke Suite -->
</testng-results>
