<?xml version="1.0" encoding="UTF-8"?>
<!-- Generated by org.testng.reporters.JUnitXMLReporter -->
<testsuite ignored="0" hostname="DESKTOP-Q9V7GDP" failures="0" tests="3" name="Payment Test" time="0.019" errors="0" timestamp="2022-06-10T07:35:27 EDT">
  <testcase classname="learningTestNG.PaymentTest" name="PaymentInDollar" time="0.002"/>
  <testcase classname="learningTestNG.PaymentTest" name="PaymentInTL" time="0.006"/>
  <testcase classname="learningTestNG.PaymentReturn" name="PaymentReturnByBank" time="0.001"/>
</testsuite> <!-- Payment Test -->
